#
# A fatal error has been detected by the Java Runtime Environment:
#
#  SIGSEGV (0xb) at pc=0x00007f249bff8d75, pid=6376, tid=139795015599872
#
# JRE version: OpenJDK Runtime Environment (7.0_95) (build 1.7.0_95-b00)
# Java VM: OpenJDK 64-Bit Server VM (24.95-b01 mixed mode linux-amd64 compressed oops)
# Derivative: IcedTea 2.6.4
# Distribution: Ubuntu 14.04 LTS, package 7u95-2.6.4-0ubuntu0.14.04.2
# Problematic frame:
# V  [libjvm.so+0x518d75]
#
# Failed to write core dump. Core dumps have been disabled. To enable core dumping, try "ulimit -c unlimited" before starting Java again
#
# If you would like to submit a bug report, please include
# instructions on how to reproduce the bug and visit:
#   http://icedtea.classpath.org/bugzilla
#

---------------  T H R E A D  ---------------

Current thread (0x00007f24940b5000):  JavaThread "JDWP Transport Listener: dt_socket" daemon [_thread_in_vm, id=6392, stack(0x00007f24902f0000,0x00007f24903f1000)]

siginfo:si_signo=SIGSEGV: si_errno=0, si_code=128 (), si_addr=0x0000000000000000

Registers:
RAX=0x66c35d5b38c48348, RBX=0x00007f24903ee670, RCX=0x00007f2494029f70, RDX=0x00007f24903ee6d0
RSP=0x00007f24903ee5c0, RBP=0x00007f24903ee5f0, RSI=0x00007f2491005360, RDI=0x0000000000000000
R8 =0x00007f249d6789a0, R9 =0x0000000000000018, R10=0x0000000000000800, R11=0x0000000000000000
R12=0x00007f2464bfeb58, R13=0x00007f24903ee600, R14=0x00007f249c8d4df8, R15=0x00007f24903ee6d0
RIP=0x00007f249bff8d75, EFLAGS=0x0000000000010246, CSGSFS=0x0000000000000033, ERR=0x0000000000000000
  TRAPNO=0x000000000000000d

Top of Stack: (sp=0x00007f24903ee5c0)
0x00007f24903ee5c0:   00007f24903eec20 00007f24903ee670
0x00007f24903ee5d0:   00007f24903ee6d0 00007f24903ee600
0x00007f24903ee5e0:   00007f249c8d4df8 000000000000001f
0x00007f24903ee5f0:   00007f24903ee650 00007f249bff5cdc
0x00007f24903ee600:   00007f24903ee620 00007f2494009ae0
0x00007f24903ee610:   0000000000000000 00007f24903ee64f
0x00007f24903ee620:   00007f24903ee640 00007f249c339a79
0x00007f24903ee630:   00007f24903ee6d0 00007f2464bfeb50
0x00007f24903ee640:   00007f24903ee6d0 00007f24903ee670
0x00007f24903ee650:   00007f24903ef280 00007f249c428da7
0x00007f24903ee660:   00007f24903ee760 00007f24903ee690
0x00007f24903ee670:   00007f249c0c86af 00000000841f0f2e
0x00007f24903ee680:   0000000000000000 00007f2400000000
0x00007f24903ee690:   66c35d5b38c48348 00007f249c0c86af
0x00007f24903ee6a0:   0000000000000000 0000000000000000
0x00007f24903ee6b0:   0000000000000000 00007f249c339a79
0x00007f24903ee6c0:   00007f24903ee760 00007f2464c6d270
0x00007f24903ee6d0:   0000000000000000 0000000000000000
0x00007f24903ee6e0:   0000000000000000 0000000000000000
0x00007f24903ee6f0:   0000000000000000 0000000000000000
0x00007f24903ee700:   0000000000000000 0000000000000000
0x00007f24903ee710:   0000000000000000 0000000000000000
0x00007f24903ee720:   00007f249d6789a0 00007f249d6789a0
0x00007f24903ee730:   0000000000000000 0000000000000000
0x00007f24903ee740:   0000000000000000 0000000000000000
0x00007f24903ee750:   0000000000000000 0000000000000000
0x00007f24903ee760:   0000000000000000 0000000000000000
0x00007f24903ee770:   0000000000000000 0000000000000000
0x00007f24903ee780:   0000000000000000 0000000000000000
0x00007f24903ee790:   0000000000000000 0000000000000000
0x00007f24903ee7a0:   0000000000000000 0000000000000000
0x00007f24903ee7b0:   0000000000000000 0000000000000000 

Instructions: (pc=0x00007f249bff8d75)
0x00007f249bff8d55:   e9 93 fe ff ff 66 0f 1f 44 00 00 c7 43 18 00 00
0x00007f249bff8d65:   00 00 e9 09 ff ff ff 0f 1f 40 00 49 8b 44 24 20
0x00007f249bff8d75:   48 8b 10 48 8b 78 08 48 83 c0 10 48 89 03 48 89
0x00007f249bff8d85:   43 28 48 89 53 20 e9 25 fe ff ff 48 8d 0d 19 01 

Register to memory mapping:

RAX=0x66c35d5b38c48348 is an unknown value
RBX=0x00007f24903ee670 is pointing into the stack for thread: 0x00007f24940b5000
RCX=0x00007f2494029f70 is an unknown value
RDX=0x00007f24903ee6d0 is pointing into the stack for thread: 0x00007f24940b5000
RSP=0x00007f24903ee5c0 is pointing into the stack for thread: 0x00007f24940b5000
RBP=0x00007f24903ee5f0 is pointing into the stack for thread: 0x00007f24940b5000
RSI=0x00007f2491005360 is pointing into interpreter code (not bytecode specific)
RDI=0x0000000000000000 is an unknown value
R8 =0x00007f249d6789a0 is pointing into the stack for thread: 0x00007f249400c800
R9 =0x0000000000000018 is an unknown value
R10=0x0000000000000800 is an unknown value
R11=0x0000000000000000 is an unknown value
R12=0x00007f2464bfeb58 is an unknown value
R13=0x00007f24903ee600 is pointing into the stack for thread: 0x00007f24940b5000
R14=0x00007f249c8d4df8: <offset 0xdf4df8> in /usr/lib/jvm/java-7-openjdk-amd64/jre/lib/amd64/server/libjvm.so at 0x00007f249bae0000
R15=0x00007f24903ee6d0 is pointing into the stack for thread: 0x00007f24940b5000


Stack: [0x00007f24902f0000,0x00007f24903f1000],  sp=0x00007f24903ee5c0,  free space=1017k
Native frames: (J=compiled Java code, j=interpreted, Vv=VM code, C=native code)
V  [libjvm.so+0x518d75]
V  [libjvm.so+0x515cdc]
V  [libjvm.so+0x948da7]
V  [libjvm.so+0x949078]
V  [libjvm.so+0x69e008]
V  [libjvm.so+0x69eed7]
V  [libjvm.so+0x695404]
V  [libjvm.so+0x64d1c2]
C  [libjdwp.so+0xa57a]
C  [libjdwp.so+0x11688]
C  [libjdwp.so+0x23785]
V  [libjvm.so+0x6b0ecb]
V  [libjvm.so+0x906c70]
V  [libjvm.so+0x906ee1]
V  [libjvm.so+0x7cc742]


---------------  P R O C E S S  ---------------

Java Threads: ( => current thread )
  0x00007f2470001000 JavaThread "SIGTERM handler" daemon [_thread_in_native, id=6406, stack(0x00007f24900ee000,0x00007f24901ef000)]
  0x00007f24940c0800 JavaThread "Service Thread" daemon [_thread_blocked, id=6403, stack(0x00007f24819dd000,0x00007f2481ade000)]
  0x00007f24940be000 JavaThread "C2 CompilerThread1" daemon [_thread_blocked, id=6402, stack(0x00007f2481ade000,0x00007f2481bdf000)]
  0x00007f24940bb000 JavaThread "C2 CompilerThread0" daemon [_thread_blocked, id=6401, stack(0x00007f2481bdf000,0x00007f2481ce0000)]
  0x00007f24940b9000 JavaThread "JDWP Event Helper Thread" daemon [_thread_blocked, id=6393, stack(0x00007f24901ef000,0x00007f24902f0000)]
=>0x00007f24940b5000 JavaThread "JDWP Transport Listener: dt_socket" daemon [_thread_in_vm, id=6392, stack(0x00007f24902f0000,0x00007f24903f1000)]
  0x00007f24940a8800 JavaThread "Signal Dispatcher" daemon [_thread_blocked, id=6390, stack(0x00007f24905f6000,0x00007f24906f7000)]
  0x00007f249407e800 JavaThread "Finalizer" daemon [_thread_blocked, id=6389, stack(0x00007f24906f7000,0x00007f24907f8000)]
  0x00007f249407c000 JavaThread "Reference Handler" daemon [_thread_blocked, id=6388, stack(0x00007f24907f8000,0x00007f24908f9000)]
  0x00007f249400c800 JavaThread "main" [_thread_in_vm, id=6381, stack(0x00007f249d5f9000,0x00007f249d6fa000)]

Other Threads:
  0x00007f2494078000 VMThread [stack: 0x00007f24908f9000,0x00007f24909fa000] [id=6387]

VM state:not at safepoint (normal execution)

VM Mutex/Monitor currently owned by a thread: None

Heap
 PSYoungGen      total 17920K, used 3072K [0x00000000ec080000, 0x00000000ed480000, 0x0000000100000000)
  eden space 15360K, 20% used [0x00000000ec080000,0x00000000ec3802f0,0x00000000ecf80000)
  from space 2560K, 0% used [0x00000000ed200000,0x00000000ed200000,0x00000000ed480000)
  to   space 2560K, 0% used [0x00000000ecf80000,0x00000000ecf80000,0x00000000ed200000)
 ParOldGen       total 40448K, used 0K [0x00000000c4200000, 0x00000000c6980000, 0x00000000ec080000)
  object space 40448K, 0% used [0x00000000c4200000,0x00000000c4200000,0x00000000c6980000)
 PSPermGen       total 21504K, used 2838K [0x00000000b9c00000, 0x00000000bb100000, 0x00000000c4200000)
  object space 21504K, 13% used [0x00000000b9c00000,0x00000000b9ec5910,0x00000000bb100000)

Card table byte_map: [0x00007f24994df000,0x00007f2499712000] byte_map_base: 0x00007f2498f11000

Polling page: 0x00007f249d71c000

Code Cache  [0x00007f2491000000, 0x00007f2491270000, 0x00007f2494000000)
 total_blobs=177 nmethods=4 adapters=135 free_code_cache=48770Kb largest_free_block=49919744

Compilation events (6 events):
Event: 0,144 Thread 0x00007f24940bb000    1             java.lang.Object::<init> (1 bytes)
Event: 0,145 Thread 0x00007f24940be000    3             java.lang.String::length (6 bytes)
Event: 0,146 Thread 0x00007f24940bb000 nmethod 1 0x00007f24910646d0 code [0x00007f2491064800, 0x00007f2491064878]
Event: 0,146 Thread 0x00007f24940be000 nmethod 3 0x00007f24910610d0 code [0x00007f2491061220, 0x00007f24910612b8]
Event: 0,146 Thread 0x00007f24940bb000    4             java.lang.AbstractStringBuilder::ensureCapacityInternal (16 bytes)
Event: 0,147 Thread 0x00007f24940bb000 nmethod 4 0x00007f2491062c50 code [0x00007f2491062da0, 0x00007f2491062e58]

GC Heap History (0 events):
No events

Deoptimization events (0 events):
No events

Internal exceptions (7 events):
Event: 0,028 Thread 0x00007f249400c800 Threw 0x00000000ec08f088 at /build/openjdk-7-HVzwJZ/openjdk-7-7u95-2.6.4/build/openjdk/hotspot/src/share/vm/prims/jni.cpp:4027
Event: 0,132 Thread 0x00007f249400c800 Threw 0x00000000ec0c79d0 at /build/openjdk-7-HVzwJZ/openjdk-7-7u95-2.6.4/build/openjdk/hotspot/src/share/vm/prims/jni.cpp:721
Event: 0,132 Thread 0x00007f249400c800 Threw 0x00000000ec0c7b50 at /build/openjdk-7-HVzwJZ/openjdk-7-7u95-2.6.4/build/openjdk/hotspot/src/share/vm/prims/jvm.cpp:1322
Event: 0,132 Thread 0x00007f249400c800 Threw 0x00000000ec0c7c78 at /build/openjdk-7-HVzwJZ/openjdk-7-7u95-2.6.4/build/openjdk/hotspot/src/share/vm/prims/jvm.cpp:1322
Event: 0,132 Thread 0x00007f249400c800 Threw 0x00000000ec0cc328 at /build/openjdk-7-HVzwJZ/openjdk-7-7u95-2.6.4/build/openjdk/hotspot/src/share/vm/prims/jvm.cpp:1322
Event: 0,151 Thread 0x00007f249400c800 StackOverflowError at 0x00007f249105e0f8
Event: 6,044 Thread 0x00007f249400c800 Threw 0x00000000ec298b58 at /build/openjdk-7-HVzwJZ/openjdk-7-7u95-2.6.4/build/openjdk/hotspot/src/share/vm/runtime/sharedRuntime.cpp:599

Events (10 events):
Event: 3,041 Thread 0x00007f2464001000 Thread exited: 0x00007f2464001000
Event: 4,129 Executing VM operation: EnableBiasedLocking
Event: 4,130 Executing VM operation: EnableBiasedLocking done
Event: 6,043 loading class 0x00007f2498ce5ea0
Event: 6,043 loading class 0x00007f2498ce5ea0 done
Event: 6,043 Thread 0x00007f2470001000 Thread added: 0x00007f2470001000
Event: 6,043 loading class 0x00007f2498c93460
Event: 6,043 loading class 0x00007f2498c93460 done
Event: 6,043 loading class 0x00007f24940d3350
Event: 6,043 loading class 0x00007f24940d3350 done


Dynamic libraries:
00400000-00401000 r-xp 00000000 08:06 9699585                            /usr/lib/jvm/java-7-openjdk-amd64/jre/bin/java
00600000-00601000 r--p 00000000 08:06 9699585                            /usr/lib/jvm/java-7-openjdk-amd64/jre/bin/java
00601000-00602000 rw-p 00001000 08:06 9699585                            /usr/lib/jvm/java-7-openjdk-amd64/jre/bin/java
00e33000-00e54000 rw-p 00000000 00:00 0                                  [heap]
b9c00000-bb100000 rw-p 00000000 00:00 0 
bb100000-c4200000 rw-p 00000000 00:00 0 
c4200000-c6980000 rw-p 00000000 00:00 0 
c6980000-ec080000 rw-p 00000000 00:00 0 
ec080000-ed480000 rw-p 00000000 00:00 0 
ed480000-100000000 rw-p 00000000 00:00 0 
7f244c000000-7f244c021000 rw-p 00000000 00:00 0 
7f244c021000-7f2450000000 ---p 00000000 00:00 0 
7f2454000000-7f2454025000 rw-p 00000000 00:00 0 
7f2454025000-7f2458000000 ---p 00000000 00:00 0 
7f2458000000-7f2458021000 rw-p 00000000 00:00 0 
7f2458021000-7f245c000000 ---p 00000000 00:00 0 
7f245c000000-7f245c021000 rw-p 00000000 00:00 0 
7f245c021000-7f2460000000 ---p 00000000 00:00 0 
7f2460000000-7f246004f000 rw-p 00000000 00:00 0 
7f246004f000-7f2464000000 ---p 00000000 00:00 0 
7f2464000000-7f2464cd4000 rw-p 00000000 00:00 0 
7f2464cd4000-7f2468000000 ---p 00000000 00:00 0 
7f2468000000-7f2468021000 rw-p 00000000 00:00 0 
7f2468021000-7f246c000000 ---p 00000000 00:00 0 
7f246c000000-7f246c021000 rw-p 00000000 00:00 0 
7f246c021000-7f2470000000 ---p 00000000 00:00 0 
7f2470000000-7f2470021000 rw-p 00000000 00:00 0 
7f2470021000-7f2474000000 ---p 00000000 00:00 0 
7f2474000000-7f2474021000 rw-p 00000000 00:00 0 
7f2474021000-7f2478000000 ---p 00000000 00:00 0 
7f2478000000-7f2478021000 rw-p 00000000 00:00 0 
7f2478021000-7f247c000000 ---p 00000000 00:00 0 
7f247c000000-7f247c021000 rw-p 00000000 00:00 0 
7f247c021000-7f2480000000 ---p 00000000 00:00 0 
7f24818dc000-7f24818dd000 ---p 00000000 00:00 0 
7f24818dd000-7f24819dd000 rw-p 00000000 00:00 0 
7f24819dd000-7f24819e0000 ---p 00000000 00:00 0 
7f24819e0000-7f2481ade000 rw-p 00000000 00:00 0                          [stack:6403]
7f2481ade000-7f2481ae1000 ---p 00000000 00:00 0 
7f2481ae1000-7f2481bdf000 rw-p 00000000 00:00 0                          [stack:6402]
7f2481bdf000-7f2481be2000 ---p 00000000 00:00 0 
7f2481be2000-7f2484000000 rw-p 00000000 00:00 0                          [stack:6401]
7f2484000000-7f2484021000 rw-p 00000000 00:00 0 
7f2484021000-7f2488000000 ---p 00000000 00:00 0 
7f2488000000-7f2488021000 rw-p 00000000 00:00 0 
7f2488021000-7f248c000000 ---p 00000000 00:00 0 
7f248c000000-7f248c021000 rw-p 00000000 00:00 0 
7f248c021000-7f2490000000 ---p 00000000 00:00 0 
7f24900ee000-7f24900f1000 ---p 00000000 00:00 0 
7f24900f1000-7f24901ef000 rw-p 00000000 00:00 0                          [stack:6406]
7f24901ef000-7f24901f2000 ---p 00000000 00:00 0 
7f24901f2000-7f24902f0000 rw-p 00000000 00:00 0                          [stack:6393]
7f24902f0000-7f24902f3000 ---p 00000000 00:00 0 
7f24902f3000-7f24903f1000 rw-p 00000000 00:00 0                          [stack:6392]
7f24903f1000-7f24903f5000 r-xp 00000000 08:06 9844300                    /usr/lib/jvm/java-7-openjdk-amd64/jre/lib/amd64/libdt_socket.so
7f24903f5000-7f24905f4000 ---p 00004000 08:06 9844300                    /usr/lib/jvm/java-7-openjdk-amd64/jre/lib/amd64/libdt_socket.so
7f24905f4000-7f24905f5000 r--p 00003000 08:06 9844300                    /usr/lib/jvm/java-7-openjdk-amd64/jre/lib/amd64/libdt_socket.so
7f24905f5000-7f24905f6000 rw-p 00004000 08:06 9844300                    /usr/lib/jvm/java-7-openjdk-amd64/jre/lib/amd64/libdt_socket.so
7f24905f6000-7f24905f9000 ---p 00000000 00:00 0 
7f24905f9000-7f24906f7000 rw-p 00000000 00:00 0                          [stack:6390]
7f24906f7000-7f24906fa000 ---p 00000000 00:00 0 
7f24906fa000-7f24907f8000 rw-p 00000000 00:00 0                          [stack:6389]
7f24907f8000-7f24907fb000 ---p 00000000 00:00 0 
7f24907fb000-7f24908f9000 rw-p 00000000 00:00 0                          [stack:6388]
7f24908f9000-7f24908fa000 ---p 00000000 00:00 0 
7f24908fa000-7f2491000000 rw-p 00000000 00:00 0                          [stack:6387]
7f2491000000-7f2491270000 rwxp 00000000 00:00 0 
7f2491270000-7f249411c000 rw-p 00000000 00:00 0 
7f249411c000-7f2498000000 ---p 00000000 00:00 0 
7f2498075000-7f2498a6c000 rw-p 00000000 00:00 0 
7f2498a6c000-7f2498c1d000 r--s 01d30000 08:06 9701066                    /usr/lib/jvm/java-7-openjdk-amd64/jre/lib/rt.jar
7f2498c1d000-7f2498f48000 rw-p 00000000 00:00 0 
7f2498f48000-7f2498f49000 ---p 00000000 00:00 0 
7f2498f49000-7f2499049000 rw-p 00000000 00:00 0                          [stack:6386]
7f2499049000-7f249904a000 ---p 00000000 00:00 0 
7f249904a000-7f249914a000 rw-p 00000000 00:00 0                          [stack:6385]
7f249914a000-7f249914b000 ---p 00000000 00:00 0 
7f249914b000-7f249924b000 rw-p 00000000 00:00 0                          [stack:6384]
7f249924b000-7f249924c000 ---p 00000000 00:00 0 
7f249924c000-7f2499357000 rw-p 00000000 00:00 0                          [stack:6383]
7f2499357000-7f249939f000 rw-p 00000000 00:00 0 
7f249939f000-7f24993b3000 rw-p 00000000 00:00 0 
7f24993b3000-7f24994df000 rw-p 00000000 00:00 0 
7f24994df000-7f24994ea000 rw-p 00000000 00:00 0 
7f24994ea000-7f2499532000 rw-p 00000000 00:00 0 
7f2499532000-7f2499546000 rw-p 00000000 00:00 0 
7f2499546000-7f2499671000 rw-p 00000000 00:00 0 
7f2499671000-7f249967c000 rw-p 00000000 00:00 0 
7f249967c000-7f2499711000 rw-p 00000000 00:00 0 
7f2499711000-7f2499712000 rw-p 00000000 00:00 0 
7f2499712000-7f249971a000 r-xp 00000000 08:06 9844290                    /usr/lib/jvm/java-7-openjdk-amd64/jre/lib/amd64/libzip.so
7f249971a000-7f2499919000 ---p 00008000 08:06 9844290                    /usr/lib/jvm/java-7-openjdk-amd64/jre/lib/amd64/libzip.so
7f2499919000-7f249991a000 r--p 00007000 08:06 9844290                    /usr/lib/jvm/java-7-openjdk-amd64/jre/lib/amd64/libzip.so
7f249991a000-7f249991b000 rw-p 00008000 08:06 9844290                    /usr/lib/jvm/java-7-openjdk-amd64/jre/lib/amd64/libzip.so
7f249991b000-7f2499926000 r-xp 00000000 08:06 2102919                    /lib/x86_64-linux-gnu/libnss_files-2.19.so
7f2499926000-7f2499b25000 ---p 0000b000 08:06 2102919                    /lib/x86_64-linux-gnu/libnss_files-2.19.so
7f2499b25000-7f2499b26000 r--p 0000a000 08:06 2102919                    /lib/x86_64-linux-gnu/libnss_files-2.19.so
7f2499b26000-7f2499b27000 rw-p 0000b000 08:06 2102919                    /lib/x86_64-linux-gnu/libnss_files-2.19.so
7f2499b27000-7f2499b32000 r-xp 00000000 08:06 2102911                    /lib/x86_64-linux-gnu/libnss_nis-2.19.so
7f2499b32000-7f2499d31000 ---p 0000b000 08:06 2102911                    /lib/x86_64-linux-gnu/libnss_nis-2.19.so
7f2499d31000-7f2499d32000 r--p 0000a000 08:06 2102911                    /lib/x86_64-linux-gnu/libnss_nis-2.19.so
7f2499d32000-7f2499d33000 rw-p 0000b000 08:06 2102911                    /lib/x86_64-linux-gnu/libnss_nis-2.19.so
7f2499d33000-7f2499d4a000 r-xp 00000000 08:06 2102907                    /lib/x86_64-linux-gnu/libnsl-2.19.so
7f2499d4a000-7f2499f49000 ---p 00017000 08:06 2102907                    /lib/x86_64-linux-gnu/libnsl-2.19.so
7f2499f49000-7f2499f4a000 r--p 00016000 08:06 2102907                    /lib/x86_64-linux-gnu/libnsl-2.19.so
7f2499f4a000-7f2499f4b000 rw-p 00017000 08:06 2102907                    /lib/x86_64-linux-gnu/libnsl-2.19.so
7f2499f4b000-7f2499f4d000 rw-p 00000000 00:00 0 
7f2499f4d000-7f2499f56000 r-xp 00000000 08:06 2102906                    /lib/x86_64-linux-gnu/libnss_compat-2.19.so
7f2499f56000-7f249a155000 ---p 00009000 08:06 2102906                    /lib/x86_64-linux-gnu/libnss_compat-2.19.so
7f249a155000-7f249a156000 r--p 00008000 08:06 2102906                    /lib/x86_64-linux-gnu/libnss_compat-2.19.so
7f249a156000-7f249a157000 rw-p 00009000 08:06 2102906                    /lib/x86_64-linux-gnu/libnss_compat-2.19.so
7f249a157000-7f249a839000 r--p 00000000 08:06 8788661                    /usr/lib/locale/locale-archive
7f249a839000-7f249a83b000 r-xp 00000000 08:06 9830704                    /usr/lib/jvm/java-7-openjdk-amd64/jre/lib/amd64/libnpt.so
7f249a83b000-7f249aa3b000 ---p 00002000 08:06 9830704                    /usr/lib/jvm/java-7-openjdk-amd64/jre/lib/amd64/libnpt.so
7f249aa3b000-7f249aa3c000 r--p 00002000 08:06 9830704                    /usr/lib/jvm/java-7-openjdk-amd64/jre/lib/amd64/libnpt.so
7f249aa3c000-7f249aa3d000 rw-p 00003000 08:06 9830704                    /usr/lib/jvm/java-7-openjdk-amd64/jre/lib/amd64/libnpt.so
7f249aa3d000-7f249aa77000 r-xp 00000000 08:06 9830733                    /usr/lib/jvm/java-7-openjdk-amd64/jre/lib/amd64/libjdwp.so
7f249aa77000-7f249ac76000 ---p 0003a000 08:06 9830733                    /usr/lib/jvm/java-7-openjdk-amd64/jre/lib/amd64/libjdwp.so
7f249ac76000-7f249ac77000 r--p 00039000 08:06 9830733                    /usr/lib/jvm/java-7-openjdk-amd64/jre/lib/amd64/libjdwp.so
7f249ac77000-7f249ac78000 rw-p 0003a000 08:06 9830733                    /usr/lib/jvm/java-7-openjdk-amd64/jre/lib/amd64/libjdwp.so
7f249ac78000-7f249aca3000 r-xp 00000000 08:06 9832824                    /usr/lib/jvm/java-7-openjdk-amd64/jre/lib/amd64/libjava.so
7f249aca3000-7f249aea3000 ---p 0002b000 08:06 9832824                    /usr/lib/jvm/java-7-openjdk-amd64/jre/lib/amd64/libjava.so
7f249aea3000-7f249aea4000 r--p 0002b000 08:06 9832824                    /usr/lib/jvm/java-7-openjdk-amd64/jre/lib/amd64/libjava.so
7f249aea4000-7f249aea6000 rw-p 0002c000 08:06 9832824                    /usr/lib/jvm/java-7-openjdk-amd64/jre/lib/amd64/libjava.so
7f249aea6000-7f249aeb6000 r-xp 00000000 08:06 9832825                    /usr/lib/jvm/java-7-openjdk-amd64/jre/lib/amd64/libverify.so
7f249aeb6000-7f249b0b5000 ---p 00010000 08:06 9832825                    /usr/lib/jvm/java-7-openjdk-amd64/jre/lib/amd64/libverify.so
7f249b0b5000-7f249b0b7000 r--p 0000f000 08:06 9832825                    /usr/lib/jvm/java-7-openjdk-amd64/jre/lib/amd64/libverify.so
7f249b0b7000-7f249b0b8000 rw-p 00011000 08:06 9832825                    /usr/lib/jvm/java-7-openjdk-amd64/jre/lib/amd64/libverify.so
7f249b0b8000-7f249b0bf000 r-xp 00000000 08:06 2102915                    /lib/x86_64-linux-gnu/librt-2.19.so
7f249b0bf000-7f249b2be000 ---p 00007000 08:06 2102915                    /lib/x86_64-linux-gnu/librt-2.19.so
7f249b2be000-7f249b2bf000 r--p 00006000 08:06 2102915                    /lib/x86_64-linux-gnu/librt-2.19.so
7f249b2bf000-7f249b2c0000 rw-p 00007000 08:06 2102915                    /lib/x86_64-linux-gnu/librt-2.19.so
7f249b2c0000-7f249b2d6000 r-xp 00000000 08:06 2098261                    /lib/x86_64-linux-gnu/libgcc_s.so.1
7f249b2d6000-7f249b4d5000 ---p 00016000 08:06 2098261                    /lib/x86_64-linux-gnu/libgcc_s.so.1
7f249b4d5000-7f249b4d6000 rw-p 00015000 08:06 2098261                    /lib/x86_64-linux-gnu/libgcc_s.so.1
7f249b4d6000-7f249b5db000 r-xp 00000000 08:06 2102893                    /lib/x86_64-linux-gnu/libm-2.19.so
7f249b5db000-7f249b7da000 ---p 00105000 08:06 2102893                    /lib/x86_64-linux-gnu/libm-2.19.so
7f249b7da000-7f249b7db000 r--p 00104000 08:06 2102893                    /lib/x86_64-linux-gnu/libm-2.19.so
7f249b7db000-7f249b7dc000 rw-p 00105000 08:06 2102893                    /lib/x86_64-linux-gnu/libm-2.19.so
7f249b7dc000-7f249b8c2000 r-xp 00000000 08:06 8782002                    /usr/lib/x86_64-linux-gnu/libstdc++.so.6.0.19
7f249b8c2000-7f249bac1000 ---p 000e6000 08:06 8782002                    /usr/lib/x86_64-linux-gnu/libstdc++.so.6.0.19
7f249bac1000-7f249bac9000 r--p 000e5000 08:06 8782002                    /usr/lib/x86_64-linux-gnu/libstdc++.so.6.0.19
7f249bac9000-7f249bacb000 rw-p 000ed000 08:06 8782002                    /usr/lib/x86_64-linux-gnu/libstdc++.so.6.0.19
7f249bacb000-7f249bae0000 rw-p 00000000 00:00 0 
7f249bae0000-7f249c604000 r-xp 00000000 08:06 9969044                    /usr/lib/jvm/java-7-openjdk-amd64/jre/lib/amd64/server/libjvm.so
7f249c604000-7f249c804000 ---p 00b24000 08:06 9969044                    /usr/lib/jvm/java-7-openjdk-amd64/jre/lib/amd64/server/libjvm.so
7f249c804000-7f249c89e000 r--p 00b24000 08:06 9969044                    /usr/lib/jvm/java-7-openjdk-amd64/jre/lib/amd64/server/libjvm.so
7f249c89e000-7f249c8c1000 rw-p 00bbe000 08:06 9969044                    /usr/lib/jvm/java-7-openjdk-amd64/jre/lib/amd64/server/libjvm.so
7f249c8c1000-7f249c8ef000 rw-p 00000000 00:00 0 
7f249c8ef000-7f249c907000 r-xp 00000000 08:06 2101510                    /lib/x86_64-linux-gnu/libz.so.1.2.8
7f249c907000-7f249cb06000 ---p 00018000 08:06 2101510                    /lib/x86_64-linux-gnu/libz.so.1.2.8
7f249cb06000-7f249cb07000 r--p 00017000 08:06 2101510                    /lib/x86_64-linux-gnu/libz.so.1.2.8
7f249cb07000-7f249cb08000 rw-p 00018000 08:06 2101510                    /lib/x86_64-linux-gnu/libz.so.1.2.8
7f249cb08000-7f249cb21000 r-xp 00000000 08:06 2102908                    /lib/x86_64-linux-gnu/libpthread-2.19.so
7f249cb21000-7f249cd20000 ---p 00019000 08:06 2102908                    /lib/x86_64-linux-gnu/libpthread-2.19.so
7f249cd20000-7f249cd21000 r--p 00018000 08:06 2102908                    /lib/x86_64-linux-gnu/libpthread-2.19.so
7f249cd21000-7f249cd22000 rw-p 00019000 08:06 2102908                    /lib/x86_64-linux-gnu/libpthread-2.19.so
7f249cd22000-7f249cd26000 rw-p 00000000 00:00 0 
7f249cd26000-7f249cd29000 r-xp 00000000 08:06 2102896                    /lib/x86_64-linux-gnu/libdl-2.19.so
7f249cd29000-7f249cf28000 ---p 00003000 08:06 2102896                    /lib/x86_64-linux-gnu/libdl-2.19.so
7f249cf28000-7f249cf29000 r--p 00002000 08:06 2102896                    /lib/x86_64-linux-gnu/libdl-2.19.so
7f249cf29000-7f249cf2a000 rw-p 00003000 08:06 2102896                    /lib/x86_64-linux-gnu/libdl-2.19.so
7f249cf2a000-7f249d0e5000 r-xp 00000000 08:06 2102916                    /lib/x86_64-linux-gnu/libc-2.19.so
7f249d0e5000-7f249d2e4000 ---p 001bb000 08:06 2102916                    /lib/x86_64-linux-gnu/libc-2.19.so
7f249d2e4000-7f249d2e8000 r--p 001ba000 08:06 2102916                    /lib/x86_64-linux-gnu/libc-2.19.so
7f249d2e8000-7f249d2ea000 rw-p 001be000 08:06 2102916                    /lib/x86_64-linux-gnu/libc-2.19.so
7f249d2ea000-7f249d2ef000 rw-p 00000000 00:00 0 
7f249d2ef000-7f249d2fc000 r-xp 00000000 08:06 9983693                    /usr/lib/jvm/java-7-openjdk-amd64/jre/lib/amd64/jli/libjli.so
7f249d2fc000-7f249d4fb000 ---p 0000d000 08:06 9983693                    /usr/lib/jvm/java-7-openjdk-amd64/jre/lib/amd64/jli/libjli.so
7f249d4fb000-7f249d4fc000 r--p 0000c000 08:06 9983693                    /usr/lib/jvm/java-7-openjdk-amd64/jre/lib/amd64/jli/libjli.so
7f249d4fc000-7f249d4fd000 rw-p 0000d000 08:06 9983693                    /usr/lib/jvm/java-7-openjdk-amd64/jre/lib/amd64/jli/libjli.so
7f249d4fd000-7f249d520000 r-xp 00000000 08:06 2102909                    /lib/x86_64-linux-gnu/ld-2.19.so
7f249d521000-7f249d543000 rw-p 00000000 00:00 0 
7f249d543000-7f249d5f9000 rw-p 00000000 00:00 0 
7f249d5f9000-7f249d5fc000 ---p 00000000 00:00 0 
7f249d5fc000-7f249d6ff000 rw-p 00000000 00:00 0                          [stack:6381]
7f249d6ff000-7f249d700000 r--s 00002000 08:06 9844305                    /usr/lib/jvm/java-7-openjdk-amd64/jre/lib/ext/dnsns.jar
7f249d700000-7f249d704000 r--s 00034000 08:06 9844307                    /usr/lib/jvm/java-7-openjdk-amd64/jre/lib/ext/sunjce_provider.jar
7f249d704000-7f249d706000 r--s 00012000 08:06 9844306                    /usr/lib/jvm/java-7-openjdk-amd64/jre/lib/ext/zipfs.jar
7f249d706000-7f249d709000 r--s 0000f000 08:06 9844308                    /usr/lib/jvm/java-7-openjdk-amd64/jre/lib/ext/icedtea-sound.jar
7f249d709000-7f249d70b000 r--s 00006000 08:06 9181723                    /usr/share/java/java-atk-wrapper.jar
7f249d70b000-7f249d70f000 r--s 0003c000 08:06 9844310                    /usr/lib/jvm/java-7-openjdk-amd64/jre/lib/ext/sunpkcs11.jar
7f249d70f000-7f249d713000 r--s 00085000 08:06 9844309                    /usr/lib/jvm/java-7-openjdk-amd64/jre/lib/ext/localedata.jar
7f249d713000-7f249d71b000 rw-s 00000000 08:06 3932908                    /tmp/hsperfdata_horabaixa/6376
7f249d71b000-7f249d71c000 rw-p 00000000 00:00 0 
7f249d71c000-7f249d71d000 ---p 00000000 00:00 0 
7f249d71d000-7f249d71f000 rw-p 00000000 00:00 0 
7f249d71f000-7f249d720000 r--p 00022000 08:06 2102909                    /lib/x86_64-linux-gnu/ld-2.19.so
7f249d720000-7f249d721000 rw-p 00023000 08:06 2102909                    /lib/x86_64-linux-gnu/ld-2.19.so
7f249d721000-7f249d722000 rw-p 00000000 00:00 0 
7fff40684000-7fff406a5000 rw-p 00000000 00:00 0                          [stack]
7fff407c3000-7fff407c5000 r--p 00000000 00:00 0                          [vvar]
7fff407c5000-7fff407c7000 r-xp 00000000 00:00 0                          [vdso]
ffffffffff600000-ffffffffff601000 r-xp 00000000 00:00 0                  [vsyscall]

VM Arguments:
jvm_args: -agentlib:jdwp=transport=dt_socket,suspend=y,address=localhost:52327 -Dfile.encoding=UTF-8 
java_command: Ejercicio3
Launcher Type: SUN_STANDARD

Environment Variables:
PATH=/usr/local/sbin:/usr/local/bin:/usr/sbin:/usr/bin:/sbin:/bin:/usr/games:/usr/local/games
SHELL=/bin/bash
DISPLAY=:0.0

Signal Handlers:
SIGSEGV: [libjvm.so+0x9548f0], sa_mask[0]=0x7ffbfeff, sa_flags=0x10000004
SIGBUS: [libjvm.so+0x9548f0], sa_mask[0]=0x7ffbfeff, sa_flags=0x10000004
SIGFPE: [libjvm.so+0x7cb0b0], sa_mask[0]=0x7ffbfeff, sa_flags=0x10000004
SIGPIPE: [libjvm.so+0x7cb0b0], sa_mask[0]=0x7ffbfeff, sa_flags=0x10000004
SIGXFSZ: [libjvm.so+0x7cb0b0], sa_mask[0]=0x7ffbfeff, sa_flags=0x10000004
SIGILL: [libjvm.so+0x7cb0b0], sa_mask[0]=0x7ffbfeff, sa_flags=0x10000004
SIGUSR1: SIG_DFL, sa_mask[0]=0x00000000, sa_flags=0x00000000
SIGUSR2: [libjvm.so+0x7caf50], sa_mask[0]=0x00000004, sa_flags=0x10000004
SIGHUP: [libjvm.so+0x7cb130], sa_mask[0]=0x7ffbfeff, sa_flags=0x10000004
SIGINT: [libjvm.so+0x7cb130], sa_mask[0]=0x7ffbfeff, sa_flags=0x10000004
SIGTERM: [libjvm.so+0x7cb130], sa_mask[0]=0x7ffbfeff, sa_flags=0x10000004
SIGQUIT: [libjvm.so+0x7cb130], sa_mask[0]=0x7ffbfeff, sa_flags=0x10000004
SIGTRAP: SIG_DFL, sa_mask[0]=0x00000000, sa_flags=0x00000000


---------------  S Y S T E M  ---------------

OS:Ubuntu 14.04 (trusty)
uname:Linux 3.19.0-58-generic #64~14.04.1-Ubuntu SMP Fri Mar 18 19:05:43 UTC 2016 x86_64
libc:glibc 2.19 NPTL 2.19 
rlimit: STACK 8192k, CORE 0k, NPROC 15234, NOFILE 4096, AS infinity
load average:0,16 0,23 0,18

/proc/meminfo:
MemTotal:        3921332 kB
MemFree:          720956 kB
MemAvailable:    1779156 kB
Buffers:           68420 kB
Cached:          1510032 kB
SwapCached:        40568 kB
Active:          2062924 kB
Inactive:         967448 kB
Active(anon):    1363788 kB
Inactive(anon):   460452 kB
Active(file):     699136 kB
Inactive(file):   506996 kB
Unevictable:          96 kB
Mlocked:              96 kB
SwapTotal:       2928636 kB
SwapFree:        2649756 kB
Dirty:               132 kB
Writeback:             0 kB
AnonPages:       1422612 kB
Mapped:           303360 kB
Shmem:            372304 kB
Slab:              75876 kB
SReclaimable:      42020 kB
SUnreclaim:        33856 kB
KernelStack:        8736 kB
PageTables:        45640 kB
NFS_Unstable:          0 kB
Bounce:                0 kB
WritebackTmp:          0 kB
CommitLimit:     4889300 kB
Committed_AS:    6330372 kB
VmallocTotal:   34359738367 kB
VmallocUsed:      352720 kB
VmallocChunk:   34359372376 kB
HardwareCorrupted:     0 kB
AnonHugePages:    231424 kB
CmaTotal:              0 kB
CmaFree:               0 kB
HugePages_Total:       0
HugePages_Free:        0
HugePages_Rsvd:        0
HugePages_Surp:        0
Hugepagesize:       2048 kB
DirectMap4k:      171072 kB
DirectMap2M:     3897344 kB
DirectMap1G:           0 kB


CPU:total 4 (2 cores per cpu, 2 threads per core) family 6 model 60 stepping 3, cmov, cx8, fxsr, mmx, sse, sse2, sse3, ssse3, sse4.1, sse4.2, popcnt, avx, avx2, aes, erms, ht, tsc, tscinvbit

/proc/cpuinfo:
processor	: 0
vendor_id	: GenuineIntel
cpu family	: 6
model		: 60
model name	: Intel(R) Core(TM) i3-4160 CPU @ 3.60GHz
stepping	: 3
microcode	: 0x12
cpu MHz		: 3600.000
cache size	: 3072 KB
physical id	: 0
siblings	: 4
core id		: 0
cpu cores	: 2
apicid		: 0
initial apicid	: 0
fpu		: yes
fpu_exception	: yes
cpuid level	: 13
wp		: yes
flags		: fpu vme de pse tsc msr pae mce cx8 apic sep mtrr pge mca cmov pat pse36 clflush dts acpi mmx fxsr sse sse2 ss ht tm pbe syscall nx pdpe1gb rdtscp lm constant_tsc arch_perfmon pebs bts rep_good nopl xtopology nonstop_tsc aperfmperf eagerfpu pni pclmulqdq dtes64 monitor ds_cpl vmx est tm2 ssse3 fma cx16 xtpr pdcm pcid sse4_1 sse4_2 movbe popcnt tsc_deadline_timer aes xsave avx f16c rdrand lahf_lm abm arat pln pts dtherm tpr_shadow vnmi flexpriority ept vpid fsgsbase tsc_adjust bmi1 avx2 smep bmi2 erms invpcid xsaveopt
bugs		:
bogomips	: 7183.34
clflush size	: 64
cache_alignment	: 64
address sizes	: 39 bits physical, 48 bits virtual
power management:

processor	: 1
vendor_id	: GenuineIntel
cpu family	: 6
model		: 60
model name	: Intel(R) Core(TM) i3-4160 CPU @ 3.60GHz
stepping	: 3
microcode	: 0x12
cpu MHz		: 3599.859
cache size	: 3072 KB
physical id	: 0
siblings	: 4
core id		: 1
cpu cores	: 2
apicid		: 2
initial apicid	: 2
fpu		: yes
fpu_exception	: yes
cpuid level	: 13
wp		: yes
flags		: fpu vme de pse tsc msr pae mce cx8 apic sep mtrr pge mca cmov pat pse36 clflush dts acpi mmx fxsr sse sse2 ss ht tm pbe syscall nx pdpe1gb rdtscp lm constant_tsc arch_perfmon pebs bts rep_good nopl xtopology nonstop_tsc aperfmperf eagerfpu pni pclmulqdq dtes64 monitor ds_cpl vmx est tm2 ssse3 fma cx16 xtpr pdcm pcid sse4_1 sse4_2 movbe popcnt tsc_deadline_timer aes xsave avx f16c rdrand lahf_lm abm arat pln pts dtherm tpr_shadow vnmi flexpriority ept vpid fsgsbase tsc_adjust bmi1 avx2 smep bmi2 erms invpcid xsaveopt
bugs		:
bogomips	: 7183.34
clflush size	: 64
cache_alignment	: 64
address sizes	: 39 bits physical, 48 bits virtual
power management:

processor	: 2
vendor_id	: GenuineIntel
cpu family	: 6
model		: 60
model name	: Intel(R) Core(TM) i3-4160 CPU @ 3.60GHz
stepping	: 3
microcode	: 0x12
cpu MHz		: 3600.000
cache size	: 3072 KB
physical id	: 0
siblings	: 4
core id		: 0
cpu cores	: 2
apicid		: 1
initial apicid	: 1
fpu		: yes
fpu_exception	: yes
cpuid level	: 13
wp		: yes
flags		: fpu vme de pse tsc msr pae mce cx8 apic sep mtrr pge mca cmov pat pse36 clflush dts acpi mmx fxsr sse sse2 ss ht tm pbe syscall nx pdpe1gb rdtscp lm constant_tsc arch_perfmon pebs bts rep_good nopl xtopology nonstop_tsc aperfmperf eagerfpu pni pclmulqdq dtes64 monitor ds_cpl vmx est tm2 ssse3 fma cx16 xtpr pdcm pcid sse4_1 sse4_2 movbe popcnt tsc_deadline_timer aes xsave avx f16c rdrand lahf_lm abm arat pln pts dtherm tpr_shadow vnmi flexpriority ept vpid fsgsbase tsc_adjust bmi1 avx2 smep bmi2 erms invpcid xsaveopt
bugs		:
bogomips	: 7183.34
clflush size	: 64
cache_alignment	: 64
address sizes	: 39 bits physical, 48 bits virtual
power management:

processor	: 3
vendor_id	: GenuineIntel
cpu family	: 6
model		: 60
model name	: Intel(R) Core(TM) i3-4160 CPU @ 3.60GHz
stepping	: 3
microcode	: 0x12
cpu MHz		: 3599.859
cache size	: 3072 KB
physical id	: 0
siblings	: 4
core id		: 1
cpu cores	: 2
apicid		: 3
initial apicid	: 3
fpu		: yes
fpu_exception	: yes
cpuid level	: 13
wp		: yes
flags		: fpu vme de pse tsc msr pae mce cx8 apic sep mtrr pge mca cmov pat pse36 clflush dts acpi mmx fxsr sse sse2 ss ht tm pbe syscall nx pdpe1gb rdtscp lm constant_tsc arch_perfmon pebs bts rep_good nopl xtopology nonstop_tsc aperfmperf eagerfpu pni pclmulqdq dtes64 monitor ds_cpl vmx est tm2 ssse3 fma cx16 xtpr pdcm pcid sse4_1 sse4_2 movbe popcnt tsc_deadline_timer aes xsave avx f16c rdrand lahf_lm abm arat pln pts dtherm tpr_shadow vnmi flexpriority ept vpid fsgsbase tsc_adjust bmi1 avx2 smep bmi2 erms invpcid xsaveopt
bugs		:
bogomips	: 7183.34
clflush size	: 64
cache_alignment	: 64
address sizes	: 39 bits physical, 48 bits virtual
power management:



Memory: 4k page, physical 3921332k(720956k free), swap 2928636k(2649756k free)

vm_info: OpenJDK 64-Bit Server VM (24.95-b01) for linux-amd64 JRE (1.7.0_95-b00), built on Mar 24 2016 06:13:32 by "buildd" with gcc 4.8.2

time: Fri Apr  8 19:53:03 2016
elapsed time: 6 seconds

